[0.000000] (-) TimerEvent: {}
[0.000217] (-) JobUnselected: {'identifier': 'ur_robotiq'}
[0.000267] (-) JobUnselected: {'identifier': 'voice_grabber'}
[0.000561] (ur_robotiq_description) JobQueued: {'identifier': 'ur_robotiq_description', 'dependencies': OrderedDict()}
[0.000627] (ur_robotiq_description) JobStarted: {'identifier': 'ur_robotiq_description'}
[0.100108] (-) TimerEvent: {}
[0.121708] (ur_robotiq_description) JobProgress: {'identifier': 'ur_robotiq_description', 'progress': 'cmake'}
[0.123053] (ur_robotiq_description) JobProgress: {'identifier': 'ur_robotiq_description', 'progress': 'build'}
[0.123397] (ur_robotiq_description) Command: {'cmd': ['/usr/bin/cmake', '--build', '/home/fiend/voice_grab/ros2_ws/build/ur_robotiq_description', '--', '-j8', '-l8'], 'cwd': '/home/fiend/voice_grab/ros2_ws/build/ur_robotiq_description', 'env': OrderedDict([('GJS_DEBUG_TOPICS', 'JS ERROR;JS LOG'), ('LESSOPEN', '| /usr/bin/lesspipe %s'), ('LANGUAGE', 'en_IN:en'), ('USER', 'fiend'), ('STARSHIP_SHELL', 'bash'), ('XDG_SESSION_TYPE', 'wayland'), ('SHLVL', '1'), ('LD_LIBRARY_PATH', '/usr/lib/x86_64-linux-gnu/gazebo-11/plugins:/opt/ros/humble/opt/rviz_ogre_vendor/lib:/opt/ros/humble/lib/x86_64-linux-gnu:/opt/ros/humble/lib'), ('HOME', '/home/fiend'), ('OLDPWD', '/home/fiend/voice_grab/ros2_ws/src/ur_robotiq/ur_robotiq_description'), ('DESKTOP_SESSION', 'ubuntu'), ('GIO_LAUNCHED_DESKTOP_FILE', '/usr/share/applications/terminator.desktop'), ('ROS_PYTHON_VERSION', '3'), ('GNOME_SHELL_SESSION_MODE', 'ubuntu'), ('GTK_MODULES', 'gail:atk-bridge'), ('PS1', '\n\\[\x1b[38;5;166m\\]~/voice_grab/ros2_ws\\[\x1b[0m\\] underwent \\[\x1b[36m\\]2s\\[\x1b[0m\\]\n\\[\x1b[1;38;5;166m\\]âžœ\\[\x1b[0m\\]'), ('MANAGERPID', '876'), ('SYSTEMD_EXEC_PID', '56008'), ('IM_CONFIG_CHECK_ENV', '1'), ('DBUS_SESSION_BUS_ADDRESS', 'unix:path=/run/user/1000/bus'), ('COLORTERM', 'truecolor'), ('GIO_LAUNCHED_DESKTOP_FILE_PID', '56868'), ('_colcon_cd_root', '/opt/ros/humble/'), ('IM_CONFIG_PHASE', '1'), ('WAYLAND_DISPLAY', 'wayland-0'), ('COLCON_PREFIX_PATH', '/home/fiend/voice_grab/ros2_ws/install:/home/fiend/Navigation_Bot/dev_ws/install:/home/fiend/LineFollowingRobot/ros_ws/install:/home/fiend/ROS/practice_codes_ROS2/articubot_one/install'), ('ROS_DISTRO', 'humble'), ('LOGNAME', 'fiend'), ('JOURNAL_STREAM', '8:297407'), ('_', '/usr/bin/colcon'), ('ROS_VERSION', '2'), ('XDG_SESSION_CLASS', 'user'), ('USERNAME', 'fiend'), ('TERM', 'xterm-256color'), ('GNOME_DESKTOP_SESSION_ID', 'this-is-deprecated'), ('ROS_LOCALHOST_ONLY', '0'), ('PATH', '/opt/ros/humble/bin:/home/fiend/.local/bin:/home/fiend/.local/bin:/usr/local/sbin:/usr/local/bin:/usr/sbin:/usr/bin:/sbin:/bin:/usr/games:/usr/local/games:/snap/bin:/snap/bin'), ('SESSION_MANAGER', 'local/fiend-Lenovo-Yoga-C740-14IML:@/tmp/.ICE-unix/55985,unix/fiend-Lenovo-Yoga-C740-14IML:/tmp/.ICE-unix/55985'), ('INVOCATION_ID', '9005688e639d4856b75f5533d5abdc7a'), ('XDG_MENU_PREFIX', 'gnome-'), ('GNOME_SETUP_DISPLAY', ':1'), ('XDG_RUNTIME_DIR', '/run/user/1000'), ('DISPLAY', ':0'), ('LANG', 'en_US.UTF-8'), ('XDG_CURRENT_DESKTOP', 'ubuntu:GNOME'), ('IBUS_DISABLE_SNOOPER', '1'), ('XMODIFIERS', '@im=ibus'), ('XDG_SESSION_DESKTOP', 'ubuntu'), ('XAUTHORITY', '/run/user/1000/.mutter-Xwaylandauth.9S0ZJ2'), ('LS_COLORS', 'di=34:ow=34:tw=34:fi=13:ln=31:pi=5:so=5:bd=5:cd=5:or=31:mi=0:ex=35:*.rpm=90:*.png=35:*.gif=36:*.jpg=35:*.c=92:*.py=93:*.h=90:*.txt=94:*.doc=104:*.odt=104:*.csv=102:*.xlsx=102:*.xlsm=102:*.rb=31:*.cpp=92:*.sh=92:*.html=96:*.zip=4;33:*.tar.gz=4;33:*.mp4=105:*.mp3=106'), ('SSH_AGENT_LAUNCHER', 'gnome-keyring'), ('SSH_AUTH_SOCK', '/run/user/1000/keyring/ssh'), ('AMENT_PREFIX_PATH', '/home/fiend/voice_grab/ros2_ws/install/voice_grabber:/home/fiend/voice_grab/ros2_ws/install/ur_robotiq:/home/fiend/voice_grab/ros2_ws/install/ur_robotiq_description:/home/fiend/Navigation_Bot/dev_ws/install/navigation_bot:/home/fiend/LineFollowingRobot/ros_ws/install/line_bhakt:/home/fiend/ROS/practice_codes_ROS2/articubot_one/install/articubot_one:/opt/ros/humble'), ('SHELL', '/bin/bash'), ('TERMINATOR_UUID', 'urn:uuid:b8e71a3b-45e5-48cd-97aa-e78a3c06651e'), ('QT_ACCESSIBILITY', '1'), ('GDMSESSION', 'ubuntu'), ('LESSCLOSE', '/usr/bin/lesspipe %s %s'), ('GCC_COLORS', 'error=31:warning=35:note=36:caret=32:locus=01:quote=01'), ('GJS_DEBUG_OUTPUT', 'stderr'), ('QT_IM_MODULE', 'ibus'), ('PWD', '/home/fiend/voice_grab/ros2_ws/build/ur_robotiq_description'), ('LC_ALL', 'en_US.UTF-8'), ('XDG_CONFIG_DIRS', '/etc/xdg/xdg-ubuntu:/etc/xdg'), ('XDG_DATA_DIRS', '/usr/share/ubuntu:/home/fiend/.local/share/flatpak/exports/share:/var/lib/flatpak/exports/share:/usr/local/share/:/usr/share/:/var/lib/snapd/desktop'), ('STARSHIP_SESSION_KEY', '2511229412964716'), ('PYTHONPATH', '/home/fiend/voice_grab/ros2_ws/install/voice_grabber/local/lib/python3.10/dist-packages:/opt/ros/humble/lib/python3.10/site-packages:/opt/ros/humble/local/lib/python3.10/dist-packages'), ('COLCON', '1'), ('VTE_VERSION', '6800'), ('CMAKE_PREFIX_PATH', '/home/fiend/voice_grab/ros2_ws/install/voice_grabber:/home/fiend/voice_grab/ros2_ws/install/ur_robotiq:/home/fiend/voice_grab/ros2_ws/install/ur_robotiq_description:/home/fiend/Navigation_Bot/dev_ws/install/navigation_bot:/home/fiend/LineFollowingRobot/ros_ws/install/line_bhakt:/home/fiend/ROS/practice_codes_ROS2/articubot_one/install/articubot_one:/opt/ros/humble')]), 'shell': False}
[0.143508] (ur_robotiq_description) StdoutLine: {'line': b'-- Found ament_cmake: 1.3.8 (/opt/ros/humble/share/ament_cmake/cmake)\n'}
[0.200238] (-) TimerEvent: {}
[0.249307] (ur_robotiq_description) StdoutLine: {'line': b'-- Found robotiq_description: 0.0.1 (/opt/ros/humble/share/robotiq_description/cmake)\n'}
[0.249586] (ur_robotiq_description) StdoutLine: {'line': b'-- Found ur_description: 2.1.3 (/opt/ros/humble/share/ur_description/cmake)\n'}
[0.249852] (ur_robotiq_description) StdoutLine: {'line': b'-- Found moveit: 2.5.5 (/opt/ros/humble/share/moveit/cmake)\n'}
[0.249931] (ur_robotiq_description) StdoutLine: {'line': b'-- Found rclcpp: 16.0.8 (/opt/ros/humble/share/rclcpp/cmake)\n'}
[0.276182] (ur_robotiq_description) StdoutLine: {'line': b'-- Found rosidl_generator_c: 3.1.5 (/opt/ros/humble/share/rosidl_generator_c/cmake)\n'}
[0.278280] (ur_robotiq_description) StdoutLine: {'line': b'-- Found rosidl_adapter: 3.1.5 (/opt/ros/humble/share/rosidl_adapter/cmake)\n'}
[0.283358] (ur_robotiq_description) StdoutLine: {'line': b'-- Found rosidl_generator_cpp: 3.1.5 (/opt/ros/humble/share/rosidl_generator_cpp/cmake)\n'}
[0.293102] (ur_robotiq_description) StdoutLine: {'line': b'-- Using all available rosidl_typesupport_c: rosidl_typesupport_fastrtps_c;rosidl_typesupport_introspection_c\n'}
[0.300309] (-) TimerEvent: {}
[0.307021] (ur_robotiq_description) StdoutLine: {'line': b'-- Using all available rosidl_typesupport_cpp: rosidl_typesupport_fastrtps_cpp;rosidl_typesupport_introspection_cpp\n'}
[0.359357] (ur_robotiq_description) StdoutLine: {'line': b'-- Found rmw_implementation_cmake: 6.1.1 (/opt/ros/humble/share/rmw_implementation_cmake/cmake)\n'}
[0.360615] (ur_robotiq_description) StdoutLine: {'line': b'-- Found rmw_fastrtps_cpp: 6.2.6 (/opt/ros/humble/share/rmw_fastrtps_cpp/cmake)\n'}
[0.400399] (-) TimerEvent: {}
[0.464128] (ur_robotiq_description) StdoutLine: {'line': b"-- Using RMW implementation 'rmw_fastrtps_cpp' as default\n"}
[0.500504] (-) TimerEvent: {}
[0.600737] (-) TimerEvent: {}
[0.617677] (ur_robotiq_description) StdoutLine: {'line': b'-- Found moveit_core: 2.5.5 (/opt/ros/humble/share/moveit_core/cmake)\n'}
[0.655401] (ur_robotiq_description) StdoutLine: {'line': b'-- Found Boost: /usr/lib/x86_64-linux-gnu/cmake/Boost-1.74.0/BoostConfig.cmake (found version "1.74.0") found components: chrono date_time filesystem iostreams program_options regex serialization system thread \n'}
[0.671524] (ur_robotiq_description) StdoutLine: {'line': b'-- Found parameter_traits: 0.3.7 (/opt/ros/humble/share/parameter_traits/cmake)\n'}
[0.696932] (ur_robotiq_description) StdoutLine: {'line': b'-- Found rclcpp_lifecycle: 16.0.8 (/opt/ros/humble/share/rclcpp_lifecycle/cmake)\n'}
[0.700821] (-) TimerEvent: {}
[0.746750] (ur_robotiq_description) StdoutLine: {'line': b'-- Found Boost: /usr/lib/x86_64-linux-gnu/cmake/Boost-1.74.0/BoostConfig.cmake (found version "1.74.0") found components: filesystem \n'}
[0.800909] (-) TimerEvent: {}
[0.875076] (ur_robotiq_description) StdoutLine: {'line': b'-- library: /usr/lib/x86_64-linux-gnu/libcurl.so\n'}
[0.901031] (-) TimerEvent: {}
[1.001298] (-) TimerEvent: {}
[1.101554] (-) TimerEvent: {}
[1.193908] (ur_robotiq_description) StdoutLine: {'line': b'-- Found Eigen3: TRUE (found version "3.4.0") \n'}
[1.194050] (ur_robotiq_description) StdoutLine: {'line': b'-- Ensuring Eigen3 include directory is part of orocos-kdl CMake target\n'}
[1.201629] (-) TimerEvent: {}
[1.301861] (-) TimerEvent: {}
[1.402115] (-) TimerEvent: {}
[1.502349] (-) TimerEvent: {}
[1.602625] (-) TimerEvent: {}
[1.702844] (-) TimerEvent: {}
[1.803071] (-) TimerEvent: {}
[1.903302] (-) TimerEvent: {}
[2.003551] (-) TimerEvent: {}
[2.103810] (-) TimerEvent: {}
[2.204043] (-) TimerEvent: {}
[2.304293] (-) TimerEvent: {}
[2.331038] (ur_robotiq_description) StdoutLine: {'line': b'-- Found moveit_ros_planning_interface: 2.5.5 (/opt/ros/humble/share/moveit_ros_planning_interface/cmake)\n'}
[2.335588] (ur_robotiq_description) StdoutLine: {'line': b'-- Found Boost: /usr/lib/x86_64-linux-gnu/cmake/Boost-1.74.0/BoostConfig.cmake (found version "1.74.0") found components: date_time filesystem program_options system thread \n'}
[2.404380] (-) TimerEvent: {}
[2.452033] (ur_robotiq_description) StdoutLine: {'line': b'-- Found Boost: /usr/lib/x86_64-linux-gnu/cmake/Boost-1.74.0/BoostConfig.cmake (found version "1.74.0") found components: system filesystem date_time program_options thread chrono \n'}
[2.504470] (-) TimerEvent: {}
[2.604690] (-) TimerEvent: {}
[2.704907] (-) TimerEvent: {}
[2.805149] (-) TimerEvent: {}
[2.905380] (-) TimerEvent: {}
[3.005634] (-) TimerEvent: {}
[3.009412] (ur_robotiq_description) StdoutLine: {'line': b'-- Found Boost: /usr/lib/x86_64-linux-gnu/cmake/Boost-1.74.0/BoostConfig.cmake (found version "1.74.0") found components: thread system filesystem regex date_time program_options \n'}
[3.105721] (-) TimerEvent: {}
[3.205952] (-) TimerEvent: {}
[3.265318] (ur_robotiq_description) StdoutLine: {'line': b'-- Found Boost: /usr/lib/x86_64-linux-gnu/cmake/Boost-1.74.0/BoostConfig.cmake (found version "1.74.0") found components: system filesystem date_time program_options thread \n'}
[3.306039] (-) TimerEvent: {}
[3.406256] (-) TimerEvent: {}
[3.506512] (-) TimerEvent: {}
[3.606797] (-) TimerEvent: {}
[3.703584] (ur_robotiq_description) StdoutLine: {'line': b'-- Found ament_lint_auto: 0.12.10 (/opt/ros/humble/share/ament_lint_auto/cmake)\n'}
[3.706869] (-) TimerEvent: {}
[3.763369] (ur_robotiq_description) StdoutLine: {'line': b"-- Added test 'cppcheck' to perform static code analysis on C / C++ code\n"}
[3.763560] (ur_robotiq_description) StdoutLine: {'line': b'-- Configured cppcheck include dirs: \n'}
[3.763678] (ur_robotiq_description) StdoutLine: {'line': b'-- Configured cppcheck exclude dirs and/or files: \n'}
[3.764065] (ur_robotiq_description) StdoutLine: {'line': b"-- Added test 'lint_cmake' to check CMake code style\n"}
[3.765045] (ur_robotiq_description) StdoutLine: {'line': b"-- Added test 'uncrustify' to check C / C++ code style\n"}
[3.765125] (ur_robotiq_description) StdoutLine: {'line': b'-- Configured uncrustify additional arguments: \n'}
[3.765390] (ur_robotiq_description) StdoutLine: {'line': b"-- Added test 'xmllint' to check XML markup files\n"}
[3.765964] (ur_robotiq_description) StdoutLine: {'line': b'-- Configuring done\n'}
[3.775704] (ur_robotiq_description) StdoutLine: {'line': b'-- Generating done\n'}
[3.777689] (ur_robotiq_description) StdoutLine: {'line': b'-- Build files have been written to: /home/fiend/voice_grab/ros2_ws/build/ur_robotiq_description\n'}
[3.806966] (-) TimerEvent: {}
[3.808123] (ur_robotiq_description) StdoutLine: {'line': b'[ 50%] \x1b[32mBuilding CXX object CMakeFiles/Move.dir/src/MoveTheArm.cpp.o\x1b[0m\n'}
[3.907058] (-) TimerEvent: {}
[3.976170] (ur_robotiq_description) StderrLine: {'line': b'\x1b[01m\x1b[K/home/fiend/voice_grab/ros2_ws/src/ur_robotiq/ur_robotiq_description/src/MoveTheArm.cpp:4:10:\x1b[m\x1b[K \x1b[31m\x1b[Kfatal error: \x1b[m\x1b[Kmoveit/move_group_interface/move_group_interface.h: No such file or directory\n'}
[3.976335] (ur_robotiq_description) StderrLine: {'line': b'    4 | #include \x1b[31m\x1b[K<moveit/move_group_interface/move_group_interface.h>\x1b[m\x1b[K\n'}
[3.976395] (ur_robotiq_description) StderrLine: {'line': b'      |          \x1b[31m\x1b[K^~~~~~~~~~~~~~~~~~~~~~~~~~~~~~~~~~~~~~~~~~~~~~~~~~~~\x1b[m\x1b[K\n'}
[3.976446] (ur_robotiq_description) StderrLine: {'line': b'compilation terminated.\n'}
[3.984964] (ur_robotiq_description) StderrLine: {'line': b'gmake[2]: *** [CMakeFiles/Move.dir/build.make:76: CMakeFiles/Move.dir/src/MoveTheArm.cpp.o] Error 1\n'}
[3.985194] (ur_robotiq_description) StderrLine: {'line': b'gmake[1]: *** [CMakeFiles/Makefile2:137: CMakeFiles/Move.dir/all] Error 2\n'}
[3.985446] (ur_robotiq_description) StderrLine: {'line': b'gmake: *** [Makefile:146: all] Error 2\n'}
[3.986972] (ur_robotiq_description) CommandEnded: {'returncode': 2}
[4.007281] (-) TimerEvent: {}
[4.060030] (ur_robotiq_description) JobEnded: {'identifier': 'ur_robotiq_description', 'rc': 2}
[4.070734] (-) EventReactorShutdown: {}
