[0.000000] (-) TimerEvent: {}
[0.000597] (-) JobUnselected: {'identifier': 'ur_robotiq'}
[0.000858] (-) JobUnselected: {'identifier': 'voice_grabber'}
[0.000927] (ur_robotiq_description) JobQueued: {'identifier': 'ur_robotiq_description', 'dependencies': OrderedDict()}
[0.000962] (ur_robotiq_description) JobStarted: {'identifier': 'ur_robotiq_description'}
[0.099712] (-) TimerEvent: {}
[0.199445] (ur_robotiq_description) JobProgress: {'identifier': 'ur_robotiq_description', 'progress': 'cmake'}
[0.199790] (-) TimerEvent: {}
[0.201208] (ur_robotiq_description) JobProgress: {'identifier': 'ur_robotiq_description', 'progress': 'build'}
[0.202197] (ur_robotiq_description) Command: {'cmd': ['/usr/bin/cmake', '--build', '/home/fiend/voice_grab/ros2_ws/build/ur_robotiq_description', '--', '-j8', '-l8'], 'cwd': '/home/fiend/voice_grab/ros2_ws/build/ur_robotiq_description', 'env': OrderedDict([('GJS_DEBUG_TOPICS', 'JS ERROR;JS LOG'), ('LESSOPEN', '| /usr/bin/lesspipe %s'), ('LANGUAGE', 'en_IN:en'), ('USER', 'fiend'), ('STARSHIP_SHELL', 'bash'), ('XDG_SESSION_TYPE', 'wayland'), ('SHLVL', '1'), ('LD_LIBRARY_PATH', '/usr/lib/x86_64-linux-gnu/gazebo-11/plugins:/opt/ros/humble/opt/rviz_ogre_vendor/lib:/opt/ros/humble/lib/x86_64-linux-gnu:/opt/ros/humble/lib'), ('HOME', '/home/fiend'), ('OLDPWD', '/home/fiend/voice_grab'), ('DESKTOP_SESSION', 'ubuntu'), ('GIO_LAUNCHED_DESKTOP_FILE', '/usr/share/applications/terminator.desktop'), ('ROS_PYTHON_VERSION', '3'), ('GNOME_SHELL_SESSION_MODE', 'ubuntu'), ('GTK_MODULES', 'gail:atk-bridge'), ('PS1', '\n\\[\x1b[38;5;166m\\]~/voice_grab/ros2_ws\\[\x1b[0m\\]\n\\[\x1b[1;38;5;166m\\]âžœ\\[\x1b[0m\\]'), ('MANAGERPID', '877'), ('SYSTEMD_EXEC_PID', '1045'), ('DBUS_SESSION_BUS_ADDRESS', 'unix:path=/run/user/1000/bus'), ('COLORTERM', 'truecolor'), ('GIO_LAUNCHED_DESKTOP_FILE_PID', '5873'), ('_colcon_cd_root', '/opt/ros/humble/'), ('IM_CONFIG_PHASE', '1'), ('WAYLAND_DISPLAY', 'wayland-0'), ('COLCON_PREFIX_PATH', '/home/fiend/voice_grab/ros2_ws/install:/home/fiend/Navigation_Bot/dev_ws/install:/home/fiend/LineFollowingRobot/ros_ws/install:/home/fiend/ROS/practice_codes_ROS2/articubot_one/install'), ('ROS_DISTRO', 'humble'), ('LOGNAME', 'fiend'), ('JOURNAL_STREAM', '8:29898'), ('_', '/usr/bin/colcon'), ('ROS_VERSION', '2'), ('XDG_SESSION_CLASS', 'user'), ('USERNAME', 'fiend'), ('TERM', 'xterm-256color'), ('GNOME_DESKTOP_SESSION_ID', 'this-is-deprecated'), ('ROS_LOCALHOST_ONLY', '0'), ('PATH', '/opt/ros/humble/bin:/home/fiend/.local/bin:/usr/local/sbin:/usr/local/bin:/usr/sbin:/usr/bin:/sbin:/bin:/usr/games:/usr/local/games:/snap/bin:/snap/bin'), ('SESSION_MANAGER', 'local/fiend-Lenovo-Yoga-C740-14IML:@/tmp/.ICE-unix/1006,unix/fiend-Lenovo-Yoga-C740-14IML:/tmp/.ICE-unix/1006'), ('INVOCATION_ID', '6e0e87378fd84b10aa9187943cac878c'), ('XDG_MENU_PREFIX', 'gnome-'), ('GNOME_SETUP_DISPLAY', ':1'), ('XDG_RUNTIME_DIR', '/run/user/1000'), ('DISPLAY', ':0'), ('LANG', 'en_US.UTF-8'), ('XDG_CURRENT_DESKTOP', 'ubuntu:GNOME'), ('IBUS_DISABLE_SNOOPER', '1'), ('XMODIFIERS', '@im=ibus'), ('XDG_SESSION_DESKTOP', 'ubuntu'), ('XAUTHORITY', '/run/user/1000/.mutter-Xwaylandauth.ECWFK2'), ('LS_COLORS', 'di=34:ow=34:tw=34:fi=13:ln=31:pi=5:so=5:bd=5:cd=5:or=31:mi=0:ex=35:*.rpm=90:*.png=35:*.gif=36:*.jpg=35:*.c=92:*.py=93:*.h=90:*.txt=94:*.doc=104:*.odt=104:*.csv=102:*.xlsx=102:*.xlsm=102:*.rb=31:*.cpp=92:*.sh=92:*.html=96:*.zip=4;33:*.tar.gz=4;33:*.mp4=105:*.mp3=106'), ('SSH_AGENT_LAUNCHER', 'gnome-keyring'), ('SSH_AUTH_SOCK', '/run/user/1000/keyring/ssh'), ('AMENT_PREFIX_PATH', '/home/fiend/Navigation_Bot/dev_ws/install/navigation_bot:/home/fiend/LineFollowingRobot/ros_ws/install/line_bhakt:/home/fiend/ROS/practice_codes_ROS2/articubot_one/install/articubot_one:/opt/ros/humble'), ('SHELL', '/bin/bash'), ('TERMINATOR_UUID', 'urn:uuid:724ac24e-6988-45b5-acbb-0e4951a89af7'), ('QT_ACCESSIBILITY', '1'), ('GDMSESSION', 'ubuntu'), ('LESSCLOSE', '/usr/bin/lesspipe %s %s'), ('GCC_COLORS', 'error=31:warning=35:note=36:caret=32:locus=01:quote=01'), ('GJS_DEBUG_OUTPUT', 'stderr'), ('QT_IM_MODULE', 'ibus'), ('PWD', '/home/fiend/voice_grab/ros2_ws/build/ur_robotiq_description'), ('LC_ALL', 'en_US.UTF-8'), ('XDG_CONFIG_DIRS', '/etc/xdg/xdg-ubuntu:/etc/xdg'), ('XDG_DATA_DIRS', '/usr/share/ubuntu:/home/fiend/.local/share/flatpak/exports/share:/var/lib/flatpak/exports/share:/usr/local/share/:/usr/share/:/var/lib/snapd/desktop'), ('STARSHIP_SESSION_KEY', '1327854231369521'), ('PYTHONPATH', '/opt/ros/humble/lib/python3.10/site-packages:/opt/ros/humble/local/lib/python3.10/dist-packages'), ('COLCON', '1'), ('VTE_VERSION', '6800'), ('CMAKE_PREFIX_PATH', '/home/fiend/Navigation_Bot/dev_ws/install/navigation_bot:/home/fiend/LineFollowingRobot/ros_ws/install/line_bhakt:/home/fiend/ROS/practice_codes_ROS2/articubot_one/install/articubot_one:/opt/ros/humble')]), 'shell': False}
[0.284757] (ur_robotiq_description) StdoutLine: {'line': b'-- Found ament_cmake: 1.3.8 (/opt/ros/humble/share/ament_cmake/cmake)\n'}
[0.299892] (-) TimerEvent: {}
[0.400180] (-) TimerEvent: {}
[0.468360] (ur_robotiq_description) StdoutLine: {'line': b'-- Found robotiq_description: 0.0.1 (/opt/ros/humble/share/robotiq_description/cmake)\n'}
[0.468737] (ur_robotiq_description) StdoutLine: {'line': b'-- Found ur_description: 2.1.3 (/opt/ros/humble/share/ur_description/cmake)\n'}
[0.469132] (ur_robotiq_description) StdoutLine: {'line': b'-- Found moveit: 2.5.5 (/opt/ros/humble/share/moveit/cmake)\n'}
[0.469533] (ur_robotiq_description) StdoutLine: {'line': b'-- Found rclcpp: 16.0.8 (/opt/ros/humble/share/rclcpp/cmake)\n'}
[0.500296] (-) TimerEvent: {}
[0.520661] (ur_robotiq_description) StdoutLine: {'line': b'-- Found rosidl_generator_c: 3.1.5 (/opt/ros/humble/share/rosidl_generator_c/cmake)\n'}
[0.524789] (ur_robotiq_description) StdoutLine: {'line': b'-- Found rosidl_adapter: 3.1.5 (/opt/ros/humble/share/rosidl_adapter/cmake)\n'}
[0.535594] (ur_robotiq_description) StdoutLine: {'line': b'-- Found rosidl_generator_cpp: 3.1.5 (/opt/ros/humble/share/rosidl_generator_cpp/cmake)\n'}
[0.553794] (ur_robotiq_description) StdoutLine: {'line': b'-- Using all available rosidl_typesupport_c: rosidl_typesupport_fastrtps_c;rosidl_typesupport_introspection_c\n'}
[0.579149] (ur_robotiq_description) StdoutLine: {'line': b'-- Using all available rosidl_typesupport_cpp: rosidl_typesupport_fastrtps_cpp;rosidl_typesupport_introspection_cpp\n'}
[0.600396] (-) TimerEvent: {}
[0.669684] (ur_robotiq_description) StdoutLine: {'line': b'-- Found rmw_implementation_cmake: 6.1.1 (/opt/ros/humble/share/rmw_implementation_cmake/cmake)\n'}
[0.672238] (ur_robotiq_description) StdoutLine: {'line': b'-- Found rmw_fastrtps_cpp: 6.2.6 (/opt/ros/humble/share/rmw_fastrtps_cpp/cmake)\n'}
[0.700495] (-) TimerEvent: {}
[0.800775] (-) TimerEvent: {}
[0.840300] (ur_robotiq_description) StdoutLine: {'line': b"-- Using RMW implementation 'rmw_fastrtps_cpp' as default\n"}
[0.900881] (-) TimerEvent: {}
[1.001140] (-) TimerEvent: {}
[1.076712] (ur_robotiq_description) StdoutLine: {'line': b'-- Found moveit_core: 2.5.5 (/opt/ros/humble/share/moveit_core/cmake)\n'}
[1.101237] (-) TimerEvent: {}
[1.102473] (ur_robotiq_description) StdoutLine: {'line': b'-- Found Boost: /usr/lib/x86_64-linux-gnu/cmake/Boost-1.74.0/BoostConfig.cmake (found version "1.74.0") found components: chrono date_time filesystem iostreams program_options regex serialization system thread \n'}
[1.116305] (ur_robotiq_description) StdoutLine: {'line': b'-- Found parameter_traits: 0.3.7 (/opt/ros/humble/share/parameter_traits/cmake)\n'}
[1.134897] (ur_robotiq_description) StdoutLine: {'line': b'-- Found rclcpp_lifecycle: 16.0.8 (/opt/ros/humble/share/rclcpp_lifecycle/cmake)\n'}
[1.200724] (ur_robotiq_description) StdoutLine: {'line': b'-- Found Boost: /usr/lib/x86_64-linux-gnu/cmake/Boost-1.74.0/BoostConfig.cmake (found version "1.74.0") found components: filesystem \n'}
[1.201298] (-) TimerEvent: {}
[1.301510] (-) TimerEvent: {}
[1.322673] (ur_robotiq_description) StdoutLine: {'line': b'-- library: /usr/lib/x86_64-linux-gnu/libcurl.so\n'}
[1.401606] (-) TimerEvent: {}
[1.501876] (-) TimerEvent: {}
[1.602125] (-) TimerEvent: {}
[1.702379] (-) TimerEvent: {}
[1.802617] (-) TimerEvent: {}
[1.811490] (ur_robotiq_description) StdoutLine: {'line': b'-- Ensuring Eigen3 include directory is part of orocos-kdl CMake target\n'}
[1.902714] (-) TimerEvent: {}
[2.002961] (-) TimerEvent: {}
[2.103214] (-) TimerEvent: {}
[2.203469] (-) TimerEvent: {}
[2.303737] (-) TimerEvent: {}
[2.403995] (-) TimerEvent: {}
[2.504263] (-) TimerEvent: {}
[2.604526] (-) TimerEvent: {}
[2.704794] (-) TimerEvent: {}
[2.805061] (-) TimerEvent: {}
[2.905333] (-) TimerEvent: {}
[3.005621] (-) TimerEvent: {}
[3.105889] (-) TimerEvent: {}
[3.206163] (-) TimerEvent: {}
[3.306494] (-) TimerEvent: {}
[3.406829] (-) TimerEvent: {}
[3.507132] (-) TimerEvent: {}
[3.572831] (ur_robotiq_description) StdoutLine: {'line': b'-- Found moveit_ros_planning_interface: 2.5.5 (/opt/ros/humble/share/moveit_ros_planning_interface/cmake)\n'}
[3.580311] (ur_robotiq_description) StdoutLine: {'line': b'-- Found Boost: /usr/lib/x86_64-linux-gnu/cmake/Boost-1.74.0/BoostConfig.cmake (found version "1.74.0") found components: date_time filesystem program_options system thread \n'}
[3.607270] (-) TimerEvent: {}
[3.707549] (-) TimerEvent: {}
[3.753056] (ur_robotiq_description) StdoutLine: {'line': b'-- Found Boost: /usr/lib/x86_64-linux-gnu/cmake/Boost-1.74.0/BoostConfig.cmake (found version "1.74.0") found components: system filesystem date_time program_options thread chrono \n'}
[3.807650] (-) TimerEvent: {}
[3.907960] (-) TimerEvent: {}
[4.008269] (-) TimerEvent: {}
[4.108602] (-) TimerEvent: {}
[4.208952] (-) TimerEvent: {}
[4.309262] (-) TimerEvent: {}
[4.409533] (-) TimerEvent: {}
[4.509799] (-) TimerEvent: {}
[4.610056] (-) TimerEvent: {}
[4.618964] (ur_robotiq_description) StdoutLine: {'line': b'-- Found Boost: /usr/lib/x86_64-linux-gnu/cmake/Boost-1.74.0/BoostConfig.cmake (found version "1.74.0") found components: thread system filesystem regex date_time program_options \n'}
[4.710153] (-) TimerEvent: {}
[4.810406] (-) TimerEvent: {}
[4.910679] (-) TimerEvent: {}
[4.996208] (ur_robotiq_description) StdoutLine: {'line': b'-- Found Boost: /usr/lib/x86_64-linux-gnu/cmake/Boost-1.74.0/BoostConfig.cmake (found version "1.74.0") found components: system filesystem date_time program_options thread \n'}
[5.010775] (-) TimerEvent: {}
[5.111032] (-) TimerEvent: {}
[5.211291] (-) TimerEvent: {}
[5.311541] (-) TimerEvent: {}
[5.411811] (-) TimerEvent: {}
[5.512082] (-) TimerEvent: {}
[5.612393] (-) TimerEvent: {}
[5.675481] (ur_robotiq_description) StdoutLine: {'line': b'-- Found ament_lint_auto: 0.12.10 (/opt/ros/humble/share/ament_lint_auto/cmake)\n'}
[5.712516] (-) TimerEvent: {}
[5.769540] (ur_robotiq_description) StdoutLine: {'line': b"-- Added test 'cppcheck' to perform static code analysis on C / C++ code\n"}
[5.769832] (ur_robotiq_description) StdoutLine: {'line': b'-- Configured cppcheck include dirs: \n'}
[5.769984] (ur_robotiq_description) StdoutLine: {'line': b'-- Configured cppcheck exclude dirs and/or files: \n'}
[5.770761] (ur_robotiq_description) StdoutLine: {'line': b"-- Added test 'lint_cmake' to check CMake code style\n"}
[5.772900] (ur_robotiq_description) StdoutLine: {'line': b"-- Added test 'uncrustify' to check C / C++ code style\n"}
[5.773144] (ur_robotiq_description) StdoutLine: {'line': b'-- Configured uncrustify additional arguments: \n'}
[5.773735] (ur_robotiq_description) StdoutLine: {'line': b"-- Added test 'xmllint' to check XML markup files\n"}
[5.775631] (ur_robotiq_description) StdoutLine: {'line': b'-- Configuring done\n'}
[5.790748] (ur_robotiq_description) StdoutLine: {'line': b'-- Generating done\n'}
[5.793839] (ur_robotiq_description) StdoutLine: {'line': b'-- Build files have been written to: /home/fiend/voice_grab/ros2_ws/build/ur_robotiq_description\n'}
[5.812625] (-) TimerEvent: {}
[5.838245] (ur_robotiq_description) StdoutLine: {'line': b'[ 50%] \x1b[32mBuilding CXX object CMakeFiles/Move.dir/src/MoveTheArm.cpp.o\x1b[0m\n'}
[5.912738] (-) TimerEvent: {}
[6.013076] (-) TimerEvent: {}
[6.113390] (-) TimerEvent: {}
[6.204215] (ur_robotiq_description) StderrLine: {'line': b'\x1b[01m\x1b[K/home/fiend/voice_grab/ros2_ws/src/ur_robotiq/ur_robotiq_description/src/MoveTheArm.cpp:4:10:\x1b[m\x1b[K \x1b[31m\x1b[Kfatal error: \x1b[m\x1b[Kmoveit/move_group_interface/move_group_interface.h: No such file or directory\n'}
[6.204417] (ur_robotiq_description) StderrLine: {'line': b'    4 | #include \x1b[31m\x1b[K<moveit/move_group_interface/move_group_interface.h>\x1b[m\x1b[K\n'}
[6.204515] (ur_robotiq_description) StderrLine: {'line': b'      |          \x1b[31m\x1b[K^~~~~~~~~~~~~~~~~~~~~~~~~~~~~~~~~~~~~~~~~~~~~~~~~~~~\x1b[m\x1b[K\n'}
[6.204600] (ur_robotiq_description) StderrLine: {'line': b'compilation terminated.\n'}
[6.208301] (ur_robotiq_description) StderrLine: {'line': b'gmake[2]: *** [CMakeFiles/Move.dir/build.make:76: CMakeFiles/Move.dir/src/MoveTheArm.cpp.o] Error 1\n'}
[6.208609] (ur_robotiq_description) StderrLine: {'line': b'gmake[1]: *** [CMakeFiles/Makefile2:137: CMakeFiles/Move.dir/all] Error 2\n'}
[6.208816] (ur_robotiq_description) StderrLine: {'line': b'gmake: *** [Makefile:146: all] Error 2\n'}
[6.210700] (ur_robotiq_description) CommandEnded: {'returncode': 2}
[6.213586] (-) TimerEvent: {}
[6.313876] (-) TimerEvent: {}
[6.325673] (ur_robotiq_description) JobEnded: {'identifier': 'ur_robotiq_description', 'rc': 2}
[6.336388] (-) EventReactorShutdown: {}
