[0.125s] Invoking command in '/home/fiend/voice_grab/ros2_ws/build/ur_robotiq_description': CMAKE_PREFIX_PATH=${CMAKE_PREFIX_PATH}:/opt/ros/humble PS1=
\[[38;5;166m\]~/voice_grab/ros2_ws\[[0m\] underwent \[[36m\]2s\[[0m\]
\[[1;38;5;166m\]âžœ\[[0m\] /usr/bin/cmake --build /home/fiend/voice_grab/ros2_ws/build/ur_robotiq_description -- -j8 -l8
[0.143s] -- Found ament_cmake: 1.3.8 (/opt/ros/humble/share/ament_cmake/cmake)
[0.249s] -- Found robotiq_description: 0.0.1 (/opt/ros/humble/share/robotiq_description/cmake)
[0.249s] -- Found ur_description: 2.1.3 (/opt/ros/humble/share/ur_description/cmake)
[0.249s] -- Found moveit: 2.5.5 (/opt/ros/humble/share/moveit/cmake)
[0.249s] -- Found rclcpp: 16.0.8 (/opt/ros/humble/share/rclcpp/cmake)
[0.276s] -- Found rosidl_generator_c: 3.1.5 (/opt/ros/humble/share/rosidl_generator_c/cmake)
[0.278s] -- Found rosidl_adapter: 3.1.5 (/opt/ros/humble/share/rosidl_adapter/cmake)
[0.283s] -- Found rosidl_generator_cpp: 3.1.5 (/opt/ros/humble/share/rosidl_generator_cpp/cmake)
[0.293s] -- Using all available rosidl_typesupport_c: rosidl_typesupport_fastrtps_c;rosidl_typesupport_introspection_c
[0.306s] -- Using all available rosidl_typesupport_cpp: rosidl_typesupport_fastrtps_cpp;rosidl_typesupport_introspection_cpp
[0.359s] -- Found rmw_implementation_cmake: 6.1.1 (/opt/ros/humble/share/rmw_implementation_cmake/cmake)
[0.360s] -- Found rmw_fastrtps_cpp: 6.2.6 (/opt/ros/humble/share/rmw_fastrtps_cpp/cmake)
[0.464s] -- Using RMW implementation 'rmw_fastrtps_cpp' as default
[0.617s] -- Found moveit_core: 2.5.5 (/opt/ros/humble/share/moveit_core/cmake)
[0.655s] -- Found Boost: /usr/lib/x86_64-linux-gnu/cmake/Boost-1.74.0/BoostConfig.cmake (found version "1.74.0") found components: chrono date_time filesystem iostreams program_options regex serialization system thread 
[0.671s] -- Found parameter_traits: 0.3.7 (/opt/ros/humble/share/parameter_traits/cmake)
[0.696s] -- Found rclcpp_lifecycle: 16.0.8 (/opt/ros/humble/share/rclcpp_lifecycle/cmake)
[0.746s] -- Found Boost: /usr/lib/x86_64-linux-gnu/cmake/Boost-1.74.0/BoostConfig.cmake (found version "1.74.0") found components: filesystem 
[0.875s] -- library: /usr/lib/x86_64-linux-gnu/libcurl.so
[1.193s] -- Found Eigen3: TRUE (found version "3.4.0") 
[1.193s] -- Ensuring Eigen3 include directory is part of orocos-kdl CMake target
[2.330s] -- Found moveit_ros_planning_interface: 2.5.5 (/opt/ros/humble/share/moveit_ros_planning_interface/cmake)
[2.335s] -- Found Boost: /usr/lib/x86_64-linux-gnu/cmake/Boost-1.74.0/BoostConfig.cmake (found version "1.74.0") found components: date_time filesystem program_options system thread 
[2.451s] -- Found Boost: /usr/lib/x86_64-linux-gnu/cmake/Boost-1.74.0/BoostConfig.cmake (found version "1.74.0") found components: system filesystem date_time program_options thread chrono 
[3.009s] -- Found Boost: /usr/lib/x86_64-linux-gnu/cmake/Boost-1.74.0/BoostConfig.cmake (found version "1.74.0") found components: thread system filesystem regex date_time program_options 
[3.265s] -- Found Boost: /usr/lib/x86_64-linux-gnu/cmake/Boost-1.74.0/BoostConfig.cmake (found version "1.74.0") found components: system filesystem date_time program_options thread 
[3.703s] -- Found ament_lint_auto: 0.12.10 (/opt/ros/humble/share/ament_lint_auto/cmake)
[3.763s] -- Added test 'cppcheck' to perform static code analysis on C / C++ code
[3.763s] -- Configured cppcheck include dirs: 
[3.763s] -- Configured cppcheck exclude dirs and/or files: 
[3.763s] -- Added test 'lint_cmake' to check CMake code style
[3.764s] -- Added test 'uncrustify' to check C / C++ code style
[3.765s] -- Configured uncrustify additional arguments: 
[3.765s] -- Added test 'xmllint' to check XML markup files
[3.765s] -- Configuring done
[3.775s] -- Generating done
[3.777s] -- Build files have been written to: /home/fiend/voice_grab/ros2_ws/build/ur_robotiq_description
[3.808s] [ 50%] [32mBuilding CXX object CMakeFiles/Move.dir/src/MoveTheArm.cpp.o[0m
[3.976s] [01m[K/home/fiend/voice_grab/ros2_ws/src/ur_robotiq/ur_robotiq_description/src/MoveTheArm.cpp:4:10:[m[K [31m[Kfatal error: [m[Kmoveit/move_group_interface/move_group_interface.h: No such file or directory
[3.976s]     4 | #include [31m[K<moveit/move_group_interface/move_group_interface.h>[m[K
[3.976s]       |          [31m[K^~~~~~~~~~~~~~~~~~~~~~~~~~~~~~~~~~~~~~~~~~~~~~~~~~~~[m[K
[3.976s] compilation terminated.
[3.984s] gmake[2]: *** [CMakeFiles/Move.dir/build.make:76: CMakeFiles/Move.dir/src/MoveTheArm.cpp.o] Error 1
[3.985s] gmake[1]: *** [CMakeFiles/Makefile2:137: CMakeFiles/Move.dir/all] Error 2
[3.985s] gmake: *** [Makefile:146: all] Error 2
[3.986s] Invoked command in '/home/fiend/voice_grab/ros2_ws/build/ur_robotiq_description' returned '2': CMAKE_PREFIX_PATH=${CMAKE_PREFIX_PATH}:/opt/ros/humble PS1=
\[[38;5;166m\]~/voice_grab/ros2_ws\[[0m\] underwent \[[36m\]2s\[[0m\]
\[[1;38;5;166m\]âžœ\[[0m\] /usr/bin/cmake --build /home/fiend/voice_grab/ros2_ws/build/ur_robotiq_description -- -j8 -l8
